<?xml version="1.0" encoding="UTF-8"?>
<!-- Generated by org.testng.reporters.JUnitXMLReporter -->
<testsuite ignored="0" hostname="DESKTOP-NHPVION" failures="1" tests="1" name="Test" time="13.038" errors="0" timestamp="2024-01-15T12:42:43 PKT">
  <testcase classname="OverallFrameworkHandling.access_chrome" name="setup" time="12.484">
    <failure type="java.lang.AssertionError" message="expected [Username : Admin Password : admin1a23] but found [Username : Admin Password : admin123]">
      <![CDATA[java.lang.AssertionError: expected [Username : Admin Password : admin1a23] but found [Username : Admin Password : admin123]
at OverallFrameworkHandling.access_chrome.setup(access_chrome.java:31)
at java.base/java.util.ArrayList.forEach(ArrayList.java:1511)
... Removed 31 stack frames]]>
    </failure>
  </testcase> <!-- setup -->
</testsuite> <!-- Test -->
